Run at Thu Oct 23 12:50:11 2025
Backups: /home/toku/Documents/Divorcio/.rename_backups/20251023-125011/apply
Applied: 0; Skipped: 9
SKIPPED: 1_Evidencia_Cronologica/2025/10_Octubre/PENDIENTES_VERIFICAR.txt -> 1_Evidencia_Cronologica/2025/10_Octubre/pendientes_verificar.txt (error:PosixPath('/home/toku/Documents/Divorcio/1_Evidencia_Cronologica/2025/10_Octubre/PENDIENTES_VERIFICAR.txt') and PosixPath('/home/toku/Documents/Divorcio/1_Evidencia_Cronologica/2025/10_Octubre/PENDIENTES_VERIFICAR.txt') are the same file)
SKIPPED: 1_Evidencia_Cronologica/2025/10_Octubre/TOC.md -> 1_Evidencia_Cronologica/2025/10_Octubre/toc.md (error:PosixPath('/home/toku/Documents/Divorcio/1_Evidencia_Cronologica/2025/10_Octubre/TOC.md') and PosixPath('/home/toku/Documents/Divorcio/1_Evidencia_Cronologica/2025/10_Octubre/TOC.md') are the same file)
SKIPPED: 1_Evidencia_Cronologica/2025/10_Octubre/TOC_4.md -> 1_Evidencia_Cronologica/2025/10_Octubre/toc_4.md (error:PosixPath('/home/toku/Documents/Divorcio/1_Evidencia_Cronologica/2025/10_Octubre/TOC_4.md') and PosixPath('/home/toku/Documents/Divorcio/1_Evidencia_Cronologica/2025/10_Octubre/TOC_4.md') are the same file)
SKIPPED: 2_Evidencia_Faltante_y_Tareas/Escrito_Solicitud_Oficio_SAT_CNBV.md -> 2_Evidencia_Faltante_y_Tareas/escrito_solicitud_oficio_sat_cnbv.md (error:PosixPath('/home/toku/Documents/Divorcio/2_Evidencia_Faltante_y_Tareas/Escrito_Solicitud_Oficio_SAT_CNBV.md') and PosixPath('/home/toku/Documents/Divorcio/2_Evidencia_Faltante_y_Tareas/Escrito_Solicitud_Oficio_SAT_CNBV.md') are the same file)
SKIPPED: 2_Evidencia_Faltante_y_Tareas/Falta_Inscripcion_Registro_Civil.md -> 2_Evidencia_Faltante_y_Tareas/falta_inscripcion_registro_civil.md (error:PosixPath('/home/toku/Documents/Divorcio/2_Evidencia_Faltante_y_Tareas/Falta_Inscripcion_Registro_Civil.md') and PosixPath('/home/toku/Documents/Divorcio/2_Evidencia_Faltante_y_Tareas/Falta_Inscripcion_Registro_Civil.md') are the same file)
SKIPPED: 2_Evidencia_Faltante_y_Tareas/Falta_Pericial_Trabajo_Social.md -> 2_Evidencia_Faltante_y_Tareas/falta_pericial_trabajo_social.md (error:PosixPath('/home/toku/Documents/Divorcio/2_Evidencia_Faltante_y_Tareas/Falta_Pericial_Trabajo_Social.md') and PosixPath('/home/toku/Documents/Divorcio/2_Evidencia_Faltante_y_Tareas/Falta_Pericial_Trabajo_Social.md') are the same file)
SKIPPED: 2_Evidencia_Faltante_y_Tareas/Falta_Pliego_Posiciones_y_RFC_CURP.md -> 2_Evidencia_Faltante_y_Tareas/falta_pliego_posiciones_y_rfc_curp.md (error:PosixPath('/home/toku/Documents/Divorcio/2_Evidencia_Faltante_y_Tareas/Falta_Pliego_Posiciones_y_RFC_CURP.md') and PosixPath('/home/toku/Documents/Divorcio/2_Evidencia_Faltante_y_Tareas/Falta_Pliego_Posiciones_y_RFC_CURP.md') are the same file)
SKIPPED: 2_Evidencia_Faltante_y_Tareas/Falta_Resultados_Investigacion_Financiera_SAT_CNBV.md -> 2_Evidencia_Faltante_y_Tareas/falta_resultados_investigacion_financiera_sat_cnbv.md (error:PosixPath('/home/toku/Documents/Divorcio/2_Evidencia_Faltante_y_Tareas/Falta_Resultados_Investigacion_Financiera_SAT_CNBV.md') and PosixPath('/home/toku/Documents/Divorcio/2_Evidencia_Faltante_y_Tareas/Falta_Resultados_Investigacion_Financiera_SAT_CNBV.md') are the same file)
SKIPPED: TOC.md -> toc.md (error:PosixPath('/home/toku/Documents/Divorcio/TOC.md') and PosixPath('/home/toku/Documents/Divorcio/TOC.md') are the same file)

Run at Thu Oct 23 12:50:48 2025
Backups: /home/toku/Documents/Divorcio/.rename_backups/20251023-125048/apply
Applied: 9; Skipped: 0
APPLIED: 1_Evidencia_Cronologica/2025/10_Octubre/PENDIENTES_VERIFICAR.txt -> 1_Evidencia_Cronologica/2025/10_Octubre/pendientes_verificar.txt
APPLIED: 1_Evidencia_Cronologica/2025/10_Octubre/TOC.md -> 1_Evidencia_Cronologica/2025/10_Octubre/toc.md
APPLIED: 1_Evidencia_Cronologica/2025/10_Octubre/TOC_4.md -> 1_Evidencia_Cronologica/2025/10_Octubre/toc_4.md
APPLIED: 2_Evidencia_Faltante_y_Tareas/Escrito_Solicitud_Oficio_SAT_CNBV.md -> 2_Evidencia_Faltante_y_Tareas/escrito_solicitud_oficio_sat_cnbv.md
APPLIED: 2_Evidencia_Faltante_y_Tareas/Falta_Inscripcion_Registro_Civil.md -> 2_Evidencia_Faltante_y_Tareas/falta_inscripcion_registro_civil.md
APPLIED: 2_Evidencia_Faltante_y_Tareas/Falta_Pericial_Trabajo_Social.md -> 2_Evidencia_Faltante_y_Tareas/falta_pericial_trabajo_social.md
APPLIED: 2_Evidencia_Faltante_y_Tareas/Falta_Pliego_Posiciones_y_RFC_CURP.md -> 2_Evidencia_Faltante_y_Tareas/falta_pliego_posiciones_y_rfc_curp.md
APPLIED: 2_Evidencia_Faltante_y_Tareas/Falta_Resultados_Investigacion_Financiera_SAT_CNBV.md -> 2_Evidencia_Faltante_y_Tareas/falta_resultados_investigacion_financiera_sat_cnbv.md
APPLIED: TOC.md -> toc.md

